Update Managed Component C1 From CMP-06035-022879-1[GRM188R61E106KA73J] To CMP-06035-022879-1[GRM188R61E106KA73J] in Peripheral_Schematic.SchDoc
Update Managed Component C2 From CMP-06035-022879-1[GRM188R61E106KA73J] To CMP-06035-022879-1[GRM188R61E106KA73J] in Peripheral_Schematic.SchDoc
Update Managed Component C3 From CMP-1035-02737-2[CC0603KRX5R7BB105] To CMP-1035-02737-2[CC0603KRX5R7BB105] in Peripheral_Schematic.SchDoc
Update Managed Component C4 From CMP-1035-02737-2[CC0603KRX5R7BB105] To CMP-1035-02737-2[CC0603KRX5R7BB105] in Peripheral_Schematic.SchDoc
Update Managed Component C5 From CMP-1035-02737-2[CC0603KRX5R7BB105] To CMP-1035-02737-2[CC0603KRX5R7BB105] in Peripheral_Schematic.SchDoc
Update Managed Component C6 From CMP-1035-02737-2[CC0603KRX5R7BB105] To CMP-1035-02737-2[CC0603KRX5R7BB105] in Peripheral_Schematic.SchDoc
Update Managed Component C7 From CMP-1035-02737-2[CC0603KRX5R7BB105] To CMP-1035-02737-2[CC0603KRX5R7BB105] in Peripheral_Schematic.SchDoc
Update Managed Component C8 From CMP-1035-02737-2[CC0603KRX5R7BB105] To CMP-1035-02737-2[CC0603KRX5R7BB105] in Peripheral_Schematic.SchDoc
Replace Part C9 Cap in C:\Users\shade\OneDrive\Desktop\PCB\Electrical_Peripheral_Board_2022_2023-Version-2.0\PCB\Peripheral_Schematic.SchDoc with Cap from Peripheral.SchLib
Replace Part C10 Cap in C:\Users\shade\OneDrive\Desktop\PCB\Electrical_Peripheral_Board_2022_2023-Version-2.0\PCB\Peripheral_Schematic.SchDoc with Cap from Peripheral.SchLib
Replace Part C11 Cap in C:\Users\shade\OneDrive\Desktop\PCB\Electrical_Peripheral_Board_2022_2023-Version-2.0\PCB\Peripheral_Schematic.SchDoc with Cap from Peripheral.SchLib
Replace Part C12 Cap in C:\Users\shade\OneDrive\Desktop\PCB\Electrical_Peripheral_Board_2022_2023-Version-2.0\PCB\Peripheral_Schematic.SchDoc with Cap from Peripheral.SchLib
Replace Part C13 Cap in C:\Users\shade\OneDrive\Desktop\PCB\Electrical_Peripheral_Board_2022_2023-Version-2.0\PCB\Peripheral_Schematic.SchDoc with Cap from Peripheral.SchLib
Replace Part CAN 0026013115 in C:\Users\shade\OneDrive\Desktop\PCB\Electrical_Peripheral_Board_2022_2023-Version-2.0\PCB\Peripheral_Schematic.SchDoc with 0026013115 from Peripheral.SchLib
Replace Part F1 ERB-RE1R00V in C:\Users\shade\OneDrive\Desktop\PCB\Electrical_Peripheral_Board_2022_2023-Version-2.0\PCB\Peripheral_Schematic.SchDoc with ERB-RE1R00V from Peripheral.SchLib
Replace Part J1 header 2 pos minifit right angle in C:\Users\shade\OneDrive\Desktop\PCB\Electrical_Peripheral_Board_2022_2023-Version-2.0\PCB\Peripheral_Schematic.SchDoc with header 2 pos minifit right angle from Peripheral.SchLib
Replace Part J2 1x4_FEMALE_POWER_RGB in C:\Users\shade\OneDrive\Desktop\PCB\Electrical_Peripheral_Board_2022_2023-Version-2.0\PCB\Peripheral_Schematic.SchDoc with 1x4_FEMALE_POWER_RGB from Peripheral.SchLib
Update Managed Component QB From CMP-32901-000110-1[IRLML2030TRPBF] To CMP-32901-000110-1[IRLML2030TRPBF] in Peripheral_Schematic.SchDoc
Update Managed Component QG From CMP-32901-000110-1[IRLML2030TRPBF] To CMP-32901-000110-1[IRLML2030TRPBF] in Peripheral_Schematic.SchDoc
Update Managed Component QR From CMP-32901-000110-1[IRLML2030TRPBF] To CMP-32901-000110-1[IRLML2030TRPBF] in Peripheral_Schematic.SchDoc
Replace Part R1 Res3 in C:\Users\shade\OneDrive\Desktop\PCB\Electrical_Peripheral_Board_2022_2023-Version-2.0\PCB\Peripheral_Schematic.SchDoc with Res3 from Peripheral.SchLib
Replace Part R2 Res3 in C:\Users\shade\OneDrive\Desktop\PCB\Electrical_Peripheral_Board_2022_2023-Version-2.0\PCB\Peripheral_Schematic.SchDoc with Res3 from Peripheral.SchLib
Replace Part R3 Res3 in C:\Users\shade\OneDrive\Desktop\PCB\Electrical_Peripheral_Board_2022_2023-Version-2.0\PCB\Peripheral_Schematic.SchDoc with Res3 from Peripheral.SchLib
Replace Part R4 Res3 in C:\Users\shade\OneDrive\Desktop\PCB\Electrical_Peripheral_Board_2022_2023-Version-2.0\PCB\Peripheral_Schematic.SchDoc with Res3 from Peripheral.SchLib
Replace Part RJmp5 Res3 in C:\Users\shade\OneDrive\Desktop\PCB\Electrical_Peripheral_Board_2022_2023-Version-2.0\PCB\Peripheral_Schematic.SchDoc with Res3 from Peripheral.SchLib
Replace Part RJmp6 Res3 in C:\Users\shade\OneDrive\Desktop\PCB\Electrical_Peripheral_Board_2022_2023-Version-2.0\PCB\Peripheral_Schematic.SchDoc with Res3 from Peripheral.SchLib
Replace Part U P78A05-1000 in C:\Users\shade\OneDrive\Desktop\PCB\Electrical_Peripheral_Board_2022_2023-Version-2.0\PCB\Peripheral_Schematic.SchDoc with P78A05-1000 from Peripheral.SchLib
Replace Part U1 Nano in C:\Users\shade\OneDrive\Desktop\PCB\Electrical_Peripheral_Board_2022_2023-Version-2.0\PCB\Peripheral_Schematic.SchDoc with Nano from Peripheral.SchLib
Replace Part U2 MCP25625-E/SS in C:\Users\shade\OneDrive\Desktop\PCB\Electrical_Peripheral_Board_2022_2023-Version-2.0\PCB\Peripheral_Schematic.SchDoc with MCP25625-E/SS from Peripheral.SchLib
Replace Part U4 ESDCAN01-2BLY in C:\Users\shade\OneDrive\Desktop\PCB\Electrical_Peripheral_Board_2022_2023-Version-2.0\PCB\Peripheral_Schematic.SchDoc with ESDCAN01-2BLY from Peripheral.SchLib
Replace Part UG UCC27519DBVR in C:\Users\shade\OneDrive\Desktop\PCB\Electrical_Peripheral_Board_2022_2023-Version-2.0\PCB\Peripheral_Schematic.SchDoc with UCC27519DBVR from Peripheral.SchLib
Replace Part UG1 UCC27519DBVR in C:\Users\shade\OneDrive\Desktop\PCB\Electrical_Peripheral_Board_2022_2023-Version-2.0\PCB\Peripheral_Schematic.SchDoc with UCC27519DBVR from Peripheral.SchLib
Replace Part UR UCC27519DBVR in C:\Users\shade\OneDrive\Desktop\PCB\Electrical_Peripheral_Board_2022_2023-Version-2.0\PCB\Peripheral_Schematic.SchDoc with UCC27519DBVR from Peripheral.SchLib
Update Managed Component Y1 From CMP-36405-000014-1[TSX-3225 16.0000MF09Z-AC0] To CMP-36405-000014-1[TSX-3225 16.0000MF09Z-AC0] in Peripheral_Schematic.SchDoc
